0 info it worked if it ends with ok
1 verbose cli [ '/usr/bin/node',
1 verbose cli   '/usr/bin/npm',
1 verbose cli   'install',
1 verbose cli   '--save-dev',
1 verbose cli   'gulp-browsersync' ]
2 info using npm@1.4.28
3 info using node@v0.10.33
4 verbose node symlink /usr/bin/node
5 warn package.json contants-list@0.0.0 No description
6 warn package.json contants-list@0.0.0 No repository field.
7 warn package.json contants-list@0.0.0 No README data
8 warn package.json karma-chrome-launcher@0.1.5 No README data
9 verbose readDependencies using package.json deps
10 verbose cache add [ 'gulp-browsersync', null ]
11 verbose cache add name=undefined spec="gulp-browsersync" args=["gulp-browsersync",null]
12 verbose parsed url { protocol: null,
12 verbose parsed url   slashes: null,
12 verbose parsed url   auth: null,
12 verbose parsed url   host: null,
12 verbose parsed url   port: null,
12 verbose parsed url   hostname: null,
12 verbose parsed url   hash: null,
12 verbose parsed url   search: null,
12 verbose parsed url   query: null,
12 verbose parsed url   pathname: 'gulp-browsersync',
12 verbose parsed url   path: 'gulp-browsersync',
12 verbose parsed url   href: 'gulp-browsersync' }
13 silly lockFile 6bdc8206-gulp-browsersync gulp-browsersync
14 verbose lock gulp-browsersync /home/emad/.npm/6bdc8206-gulp-browsersync.lock
15 silly lockFile 6bdc8206-gulp-browsersync gulp-browsersync
16 silly lockFile 6bdc8206-gulp-browsersync gulp-browsersync
17 verbose addNamed [ 'gulp-browsersync', '' ]
18 verbose addNamed [ null, '*' ]
19 silly lockFile e88a9973-gulp-browsersync gulp-browsersync@
20 verbose lock gulp-browsersync@ /home/emad/.npm/e88a9973-gulp-browsersync.lock
21 silly addNameRange { name: 'gulp-browsersync', range: '*', hasData: false }
22 verbose request where is /gulp-browsersync
23 verbose request registry https://registry.npmjs.org/
24 verbose request id 5fec33582a3f7986
25 verbose url raw /gulp-browsersync
26 verbose url resolving [ 'https://registry.npmjs.org/', './gulp-browsersync' ]
27 verbose url resolved https://registry.npmjs.org/gulp-browsersync
28 verbose request where is https://registry.npmjs.org/gulp-browsersync
29 info trying registry request attempt 1 at 14:42:05
30 http GET https://registry.npmjs.org/gulp-browsersync
31 http 404 https://registry.npmjs.org/gulp-browsersync
32 verbose headers { date: 'Wed, 12 Nov 2014 19:42:06 GMT',
32 verbose headers   server: 'CouchDB/1.5.0 (Erlang OTP/R16B03)',
32 verbose headers   'content-type': 'application/json',
32 verbose headers   'cache-control': 'max-age=0',
32 verbose headers   'content-length': '52',
32 verbose headers   'accept-ranges': 'bytes',
32 verbose headers   via: '1.1 varnish',
32 verbose headers   age: '0',
32 verbose headers   'x-served-by': 'cache-dfw1829-DFW',
32 verbose headers   'x-cache': 'MISS',
32 verbose headers   'x-cache-hits': '0',
32 verbose headers   'x-timer': 'S1415821326.114352,VS0,VE45',
32 verbose headers   'keep-alive': 'timeout=10, max=50',
32 verbose headers   connection: 'Keep-Alive' }
33 silly registry.get cb [ 404,
33 silly registry.get   { date: 'Wed, 12 Nov 2014 19:42:06 GMT',
33 silly registry.get     server: 'CouchDB/1.5.0 (Erlang OTP/R16B03)',
33 silly registry.get     'content-type': 'application/json',
33 silly registry.get     'cache-control': 'max-age=0',
33 silly registry.get     'content-length': '52',
33 silly registry.get     'accept-ranges': 'bytes',
33 silly registry.get     via: '1.1 varnish',
33 silly registry.get     age: '0',
33 silly registry.get     'x-served-by': 'cache-dfw1829-DFW',
33 silly registry.get     'x-cache': 'MISS',
33 silly registry.get     'x-cache-hits': '0',
33 silly registry.get     'x-timer': 'S1415821326.114352,VS0,VE45',
33 silly registry.get     'keep-alive': 'timeout=10, max=50',
33 silly registry.get     connection: 'Keep-Alive' } ]
34 silly lockFile e88a9973-gulp-browsersync gulp-browsersync@
35 silly lockFile e88a9973-gulp-browsersync gulp-browsersync@
36 error 404 404 Not Found: gulp-browsersync
36 error 404
36 error 404 'gulp-browsersync' is not in the npm registry.
36 error 404 You should bug the author to publish it
36 error 404 It was specified as a dependency of 'contants-list'
36 error 404
36 error 404 Note that you can also install from a
36 error 404 tarball, folder, or http url, or git url.
37 error System Linux 3.13.0-39-generic
38 error command "/usr/bin/node" "/usr/bin/npm" "install" "--save-dev" "gulp-browsersync"
39 error cwd /usr/share/nginx/contacts-list
40 error node -v v0.10.33
41 error npm -v 1.4.28
42 error code E404
43 verbose exit [ 1, true ]
